<?xml version="1.0" encoding="UTF-8"?>
<testng-results ignored="0" total="1" passed="1" failed="0" skipped="0">
  <reporter-output>
  </reporter-output>
  <suite started-at="2020-02-13T12:12:07 EST" name="Default suite" finished-at="2020-02-13T12:12:13 EST" duration-ms="6560">
    <groups>
    </groups>
    <test started-at="2020-02-13T12:12:07 EST" name="Default test" finished-at="2020-02-13T12:12:13 EST" duration-ms="6560">
      <class name="Com.Maven.AppTest2">
        <test-method signature="test()[pri:0, instance:Com.Maven.AppTest2@d21a74c]" started-at="2020-02-13T12:12:07 EST" name="test" finished-at="2020-02-13T12:12:13 EST" duration-ms="6516" status="PASS">
          <reporter-output>
          </reporter-output>
        </test-method> <!-- test -->
      </class> <!-- Com.Maven.AppTest2 -->
    </test> <!-- Default test -->
  </suite> <!-- Default suite -->
</testng-results>
